<?xml version="1.0" encoding="UTF-8"?>
<!-- Generated by org.testng.reporters.JUnitXMLReporter -->
<testsuite hostname="LAPTOP-J7I686T3" ignored="0" name="Test" tests="6" failures="0" timestamp="2020-06-30T17:28:40 IST" time="0.098" errors="0">
  <testcase name="FourthMethod" time="0.012" classname="RaviFramework.Mavenjava.WebApp"/>
  <testcase name="ThirdMethod" time="0.002" classname="RaviFramework.Mavenjava.WebApp"/>
  <testcase name="SecondMethod" time="0.001" classname="RaviFramework.Mavenjava.Selenium"/>
  <testcase name="StartAutomation" time="0.001" classname="RaviFramework.Mavenjava.Selenium"/>
  <testcase name="FifthMethod" time="0.001" classname="RaviFramework.Mavenjava.Appium"/>
  <testcase name="SixthMethod" time="0.002" classname="RaviFramework.Mavenjava.Appium"/>
</testsuite> <!-- Test -->
