<?xml version="1.0" encoding="UTF-8"?>
<!-- Generated by org.testng.reporters.JUnitXMLReporter -->
<testsuite hostname="LAPTOP-J7I686T3" name="Test" tests="4" failures="0" timestamp="30 Jun 2020 11:55:38 GMT" time="0.042" errors="0">
  <testcase name="FourthMethod" time="0.015" classname="RaviFramework.Mavenjava.WebApp"/>
  <testcase name="ThirdMethod" time="0.002" classname="RaviFramework.Mavenjava.WebApp"/>
  <testcase name="SecondMethod" time="0.002" classname="RaviFramework.Mavenjava.Selenium"/>
  <testcase name="StartAutomation" time="0.0" classname="RaviFramework.Mavenjava.Selenium"/>
</testsuite> <!-- Test -->
